<?xml version="1.0" encoding="UTF-8"?>
<testsuite name="com.itantra.network.ProtocolCodecTest" tests="8" skipped="0" failures="0" errors="0" timestamp="2026-08-27T14:51:22.868Z" hostname="CVR" time="0.074">
  <properties/>
  <testcase name="extended payload with GPS round trips" classname="com.itantra.network.ProtocolCodecTest" time="0.05"/>
  <testcase name="emergency priority round trips correctly" classname="com.itantra.network.ProtocolCodecTest" time="0.001"/>
  <testcase name="extended payload with source language for translation relay round trips" classname="com.itantra.network.ProtocolCodecTest" time="0.001"/>
  <testcase name="corrupted magic bytes are rejected" classname="com.itantra.network.ProtocolCodecTest" time="0.013"/>
  <testcase name="frame overhead matches spec — 14 bytes for empty text" classname="com.itantra.network.ProtocolCodecTest" time="0.0"/>
  <testcase name="truncated frame is rejected" classname="com.itantra.network.ProtocolCodecTest" time="0.003"/>
  <testcase name="corrupted payload byte fails CRC check" classname="com.itantra.network.ProtocolCodecTest" time="0.002"/>
  <testcase name="basic round trip preserves all fields" classname="com.itantra.network.ProtocolCodecTest" time="0.001"/>
  <system-out><![CDATA[]]></system-out>
  <system-err><![CDATA[]]></system-err>
</testsuite>
